2019-02-28 11:10:59,466 INFO [main] com.ctf.traffic.AppController - Starting AppController on DESKTOP-22JF4KP with PID 7268 (D:\workspaces\traffic\target\classes started by ThinkPad in D:\workspaces\traffic)
2019-02-28 11:10:59,472 DEBUG [main] com.ctf.traffic.AppController - Running with Spring Boot v2.0.3.RELEASE, Spring v5.0.7.RELEASE
2019-02-28 11:10:59,475 INFO [main] com.ctf.traffic.AppController - No active profile set, falling back to default profiles: default
2019-02-28 11:10:59,578 INFO [main] o.s.b.w.s.c.AnnotationConfigServletWebServerApplicationContext - Refreshing org.springframework.boot.web.servlet.context.AnnotationConfigServletWebServerApplicationContext@117159c0: startup date [Thu Feb 28 11:10:59 CST 2019]; root of context hierarchy
2019-02-28 11:11:04,500 INFO [main] o.s.c.s.PostProcessorRegistrationDelegate$BeanPostProcessorChecker - Bean 'org.springframework.transaction.annotation.ProxyTransactionManagementConfiguration' of type [org.springframework.transaction.annotation.ProxyTransactionManagementConfiguration$$EnhancerBySpringCGLIB$$cd93270c] is not eligible for getting processed by all BeanPostProcessors (for example: not eligible for auto-proxying)
2019-02-28 11:11:05,372 INFO [main] o.s.b.w.e.tomcat.TomcatWebServer - Tomcat initialized with port(s): 8080 (http)
2019-02-28 11:11:05,394 INFO [main] o.a.coyote.http11.Http11NioProtocol - Initializing ProtocolHandler ["http-nio-8080"]
2019-02-28 11:11:05,407 INFO [main] o.a.catalina.core.StandardService - Starting service [Tomcat]
2019-02-28 11:11:05,407 INFO [main] o.a.catalina.core.StandardEngine - Starting Servlet Engine: Apache Tomcat/8.5.31
2019-02-28 11:11:05,415 INFO [localhost-startStop-1] o.a.c.core.AprLifecycleListener - The APR based Apache Tomcat Native library which allows optimal performance in production environments was not found on the java.library.path: [C:\Program Files\Java\jdk1.8.0_172\bin;C:\Windows\Sun\Java\bin;C:\Windows\system32;C:\Windows;C:\Program Files (x86)\Common Files\Oracle\Java\javapath;C:\Windows\system32;C:\Windows;C:\Windows\System32\Wbem;C:\Windows\System32\WindowsPowerShell\v1.0\;C:\Windows\System32\OpenSSH\;C:\Program Files\Java\jdk1.8.0_172\bin;C:\Program Files\Java\jdk1.8.0_172\jre\bin;D:\TortoiseSVN\bin;D:\MySQL\MySQL Server 5.5\bin;C:\Program Files (x86)\MySQL\MySQL Server 5.5\bin;e:\Program Files\Git\cmd;C:\Users\ThinkPad\AppData\Local\Microsoft\WindowsApps;;.]
2019-02-28 11:11:05,584 INFO [localhost-startStop-1] o.a.c.c.C.[Tomcat].[localhost].[/] - Initializing Spring embedded WebApplicationContext
2019-02-28 11:11:05,584 INFO [localhost-startStop-1] o.s.web.context.ContextLoader - Root WebApplicationContext: initialization completed in 6006 ms
2019-02-28 11:11:07,001 INFO [localhost-startStop-1] o.s.b.w.s.ServletRegistrationBean - Servlet dispatcherServlet mapped to [/]
2019-02-28 11:11:07,008 INFO [localhost-startStop-1] o.s.b.w.s.FilterRegistrationBean - Mapping filter: 'characterEncodingFilter' to: [/*]
2019-02-28 11:11:07,008 INFO [localhost-startStop-1] o.s.b.w.s.FilterRegistrationBean - Mapping filter: 'httpTraceFilter' to: [/*]
2019-02-28 11:11:07,008 INFO [localhost-startStop-1] o.s.b.w.s.FilterRegistrationBean - Mapping filter: 'webMvcMetricsFilter' to: [/*]
2019-02-28 11:11:07,009 INFO [localhost-startStop-1] o.s.b.w.s.FilterRegistrationBean - Mapping filter: 'httpPutFormContentFilter' to: [/*]
2019-02-28 11:11:07,009 INFO [localhost-startStop-1] o.s.b.w.s.FilterRegistrationBean - Mapping filter: 'resourceUrlEncodingFilter' to: [/*]
2019-02-28 11:11:07,202 INFO [main] com.zaxxer.hikari.HikariDataSource - HikariPool-1 - Starting...
2019-02-28 11:11:07,590 INFO [main] com.zaxxer.hikari.HikariDataSource - HikariPool-1 - Start completed.
2019-02-28 11:11:07,664 INFO [main] o.s.o.j.LocalContainerEntityManagerFactoryBean - Building JPA container EntityManagerFactory for persistence unit 'default'
2019-02-28 11:11:07,689 INFO [main] o.h.jpa.internal.util.LogHelper - HHH000204: Processing PersistenceUnitInfo [
	name: default
	...]
2019-02-28 11:11:07,883 INFO [main] org.hibernate.Version - HHH000412: Hibernate Core {5.2.17.Final}
2019-02-28 11:11:07,885 INFO [main] org.hibernate.cfg.Environment - HHH000206: hibernate.properties not found
2019-02-28 11:11:07,962 INFO [main] o.h.annotations.common.Version - HCANN000001: Hibernate Commons Annotations {5.0.1.Final}
2019-02-28 11:11:08,274 INFO [main] org.hibernate.dialect.Dialect - HHH000400: Using dialect: org.hibernate.dialect.MySQL55Dialect
2019-02-28 11:11:11,814 INFO [main] o.s.o.j.LocalContainerEntityManagerFactoryBean - Initialized JPA EntityManagerFactory for persistence unit 'default'
2019-02-28 11:11:12,835 INFO [main] o.h.h.i.QueryTranslatorFactoryInitiator - HHH000397: Using ASTQueryTranslatorFactory
2019-02-28 11:11:15,240 INFO [main] o.s.w.s.m.m.a.RequestMappingHandlerMapping - Mapped "{[/customer/test],methods=[GET]}" onto public com.ctf.traffic.po.CommonResponse com.ctf.traffic.controller.customer.AccidentController.test(java.lang.Long,javax.servlet.http.HttpServletRequest)
2019-02-28 11:11:15,242 INFO [main] o.s.w.s.m.m.a.RequestMappingHandlerMapping - Mapped "{[/customer/reuploadAccidentMedia],methods=[POST]}" onto public com.ctf.traffic.po.CommonResponse com.ctf.traffic.controller.customer.AccidentController.reuploadAccidentMedia(java.lang.String,javax.servlet.http.HttpServletRequest)
2019-02-28 11:11:15,243 INFO [main] o.s.w.s.m.m.a.RequestMappingHandlerMapping - Mapped "{[/customer/listInsuranceCompany],methods=[GET]}" onto public com.ctf.traffic.po.CommonResponse com.ctf.traffic.controller.customer.AccidentController.listInsuranceCompany()
2019-02-28 11:11:15,243 INFO [main] o.s.w.s.m.m.a.RequestMappingHandlerMapping - Mapped "{[/customer/uploadAccidentMedia],methods=[POST]}" onto public com.ctf.traffic.po.CommonResponse com.ctf.traffic.controller.customer.AccidentController.uploadAccidentMedia(javax.servlet.http.HttpServletRequest,javax.servlet.http.HttpSession,java.lang.String,java.lang.String,java.lang.String,java.lang.String,java.lang.String,java.lang.String)
2019-02-28 11:11:15,244 INFO [main] o.s.w.s.m.m.a.RequestMappingHandlerMapping - Mapped "{[/customer/driverAndDriving],methods=[POST]}" onto public com.ctf.traffic.po.CommonResponse com.ctf.traffic.controller.customer.AccidentController.saveDriverAndDriving(java.lang.String,java.lang.String,javax.servlet.http.HttpServletRequest)
2019-02-28 11:11:15,244 INFO [main] o.s.w.s.m.m.a.RequestMappingHandlerMapping - Mapped "{[/customer/updateProcessMode],methods=[PUT]}" onto public com.ctf.traffic.po.CommonResponse com.ctf.traffic.controller.customer.AccidentController.updateProcessMode(int,javax.servlet.http.HttpServletRequest)
2019-02-28 11:11:15,245 INFO [main] o.s.w.s.m.m.a.RequestMappingHandlerMapping - Mapped "{[/customer/accidentReason/list],methods=[GET]}" onto public com.ctf.traffic.po.CommonResponse com.ctf.traffic.controller.customer.AccidentController.getAllAccidentReason(java.lang.Long)
2019-02-28 11:11:15,245 INFO [main] o.s.w.s.m.m.a.RequestMappingHandlerMapping - Mapped "{[/customer/getDrivingLicenceList],methods=[GET]}" onto public com.ctf.traffic.po.CommonResponse com.ctf.traffic.controller.customer.AccidentController.getDrivingLicenceList(javax.servlet.http.HttpServletRequest)
2019-02-28 11:11:15,245 INFO [main] o.s.w.s.m.m.a.RequestMappingHandlerMapping - Mapped "{[/customer/accidentParty],methods=[GET]}" onto public com.ctf.traffic.po.CommonResponse com.ctf.traffic.controller.customer.AccidentController.listAccidentPartyByAccident(javax.servlet.http.HttpServletRequest,java.lang.Long)
2019-02-28 11:11:15,246 INFO [main] o.s.w.s.m.m.a.RequestMappingHandlerMapping - Mapped "{[/customer/uploadAccidentMediaM],methods=[POST]}" onto public com.ctf.traffic.po.CommonResponse com.ctf.traffic.controller.customer.AccidentController.uploadAccidentMediaM(java.lang.Integer,java.lang.String,java.lang.Long)
2019-02-28 11:11:15,246 INFO [main] o.s.w.s.m.m.a.RequestMappingHandlerMapping - Mapped "{[/customer/ownAgreement/{accidentId}],methods=[GET]}" onto public com.ctf.traffic.po.CommonResponse com.ctf.traffic.controller.customer.AccidentController.ownAgreementPrint(long)
2019-02-28 11:11:15,247 INFO [main] o.s.w.s.m.m.a.RequestMappingHandlerMapping - Mapped "{[/customer/updateProcessModeAndProcessStatus],methods=[PUT]}" onto public com.ctf.traffic.po.CommonResponse com.ctf.traffic.controller.customer.AccidentController.updateProcessModeProcessStatus(java.lang.Integer,java.lang.Integer,javax.servlet.http.HttpServletRequest)
2019-02-28 11:11:15,247 INFO [main] o.s.w.s.m.m.a.RequestMappingHandlerMapping - Mapped "{[/customer/ownAgreementByAccidentId],methods=[GET]}" onto public com.ctf.traffic.po.CommonResponse com.ctf.traffic.controller.customer.AccidentController.ownAgreementByAccidentId(java.lang.Long)
2019-02-28 11:11:15,247 INFO [main] o.s.w.s.m.m.a.RequestMappingHandlerMapping - Mapped "{[/customer/updateProcessStatus],methods=[POST]}" onto public com.ctf.traffic.po.CommonResponse com.ctf.traffic.controller.customer.AccidentController.updateAccidentProcessStatus(javax.servlet.http.HttpServletRequest,java.lang.Integer)
2019-02-28 11:11:15,248 INFO [main] o.s.w.s.m.m.a.RequestMappingHandlerMapping - Mapped "{[/customer/ownAgreementQrcode],methods=[GET]}" onto public void com.ctf.traffic.controller.customer.AccidentController.ownAgreementQrcode(javax.servlet.http.HttpServletRequest,javax.servlet.http.HttpServletResponse) throws java.lang.Exception
2019-02-28 11:11:15,248 INFO [main] o.s.w.s.m.m.a.RequestMappingHandlerMapping - Mapped "{[/customer/ownAgreementQrcode/{accidentId}],methods=[GET]}" onto public void com.ctf.traffic.controller.customer.AccidentController.ownAgreementQrcode(java.lang.Long,javax.servlet.http.HttpServletRequest,javax.servlet.http.HttpServletResponse) throws java.lang.Exception
2019-02-28 11:11:15,248 INFO [main] o.s.w.s.m.m.a.RequestMappingHandlerMapping - Mapped "{[/customer/accidentPart/{id}],methods=[POST]}" onto public com.ctf.traffic.po.CommonResponse com.ctf.traffic.controller.customer.AccidentController.saveAccidentPartSignature(long,java.lang.String)
2019-02-28 11:11:15,249 INFO [main] o.s.w.s.m.m.a.RequestMappingHandlerMapping - Mapped "{[/customer/getAccidentTotalCount],methods=[GET]}" onto public com.ctf.traffic.po.CommonResponse com.ctf.traffic.controller.customer.AccidentController.getAccidentTotalCount()
2019-02-28 11:11:15,249 INFO [main] o.s.w.s.m.m.a.RequestMappingHandlerMapping - Mapped "{[/customer/getWeatherList],methods=[GET]}" onto public com.ctf.traffic.po.CommonResponse com.ctf.traffic.controller.customer.AccidentController.getSelectorWeather()
2019-02-28 11:11:15,249 INFO [main] o.s.w.s.m.m.a.RequestMappingHandlerMapping - Mapped "{[/customer/uploadMediaQrcode],methods=[GET]}" onto public com.ctf.traffic.po.CommonResponse com.ctf.traffic.controller.customer.AccidentController.uploadMediaQrcode(javax.servlet.http.HttpServletRequest,javax.servlet.http.HttpServletResponse) throws java.lang.Exception
2019-02-28 11:11:15,250 INFO [main] o.s.w.s.m.m.a.RequestMappingHandlerMapping - Mapped "{[/customer/validUniqueIdNumber],methods=[GET]}" onto public com.ctf.traffic.po.CommonResponse com.ctf.traffic.controller.customer.AccidentController.validUniqueIdNumberAndCarNumber(javax.servlet.http.HttpServletRequest,java.lang.String,java.lang.String)
2019-02-28 11:11:15,250 INFO [main] o.s.w.s.m.m.a.RequestMappingHandlerMapping - Mapped "{[/customer/listByIdNumber],methods=[GET]}" onto public com.ctf.traffic.po.CommonResponse com.ctf.traffic.controller.customer.AccidentController.listAccidentByIdNumber(java.lang.String)
2019-02-28 11:11:15,250 INFO [main] o.s.w.s.m.m.a.RequestMappingHandlerMapping - Mapped "{[/customer/accident/setAccindetInSession/{accidentId}],methods=[GET]}" onto public com.ctf.traffic.po.CommonResponse com.ctf.traffic.controller.customer.AccidentController.setAccidentInSession(long,javax.servlet.http.HttpServletRequest)
2019-02-28 11:11:15,251 INFO [main] o.s.w.s.m.m.a.RequestMappingHandlerMapping - Mapped "{[/customer/accident/getInsuranceInfoByCarMark],methods=[GET]}" onto public com.ctf.traffic.po.CommonResponse com.ctf.traffic.controller.customer.AccidentController.getInsuranceInfoByCarMark(java.lang.String,java.lang.String)
2019-02-28 11:11:15,251 INFO [main] o.s.w.s.m.m.a.RequestMappingHandlerMapping - Mapped "{[/customer/listPendingAccident],methods=[GET]}" onto public com.ctf.traffic.po.CommonResponse com.ctf.traffic.controller.customer.AccidentController.listPendingCoordinationAccident()
2019-02-28 11:11:15,251 INFO [main] o.s.w.s.m.m.a.RequestMappingHandlerMapping - Mapped "{[/customer/accidentReason],methods=[POST]}" onto public com.ctf.traffic.po.CommonResponse com.ctf.traffic.controller.customer.AccidentController.saveAccidentReasonAndResponsibility(javax.servlet.http.HttpServletRequest,long,java.lang.String)
2019-02-28 11:11:15,252 INFO [main] o.s.w.s.m.m.a.RequestMappingHandlerMapping - Mapped "{[/customer/readInstruction],methods=[GET]}" onto public com.ctf.traffic.po.CommonResponse com.ctf.traffic.controller.customer.AccidentController.readInstruction()
2019-02-28 11:11:15,252 INFO [main] o.s.w.s.m.m.a.RequestMappingHandlerMapping - Mapped "{[/customer/accident/from/{accidentId}],methods=[GET]}" onto public com.ctf.traffic.po.CommonResponse com.ctf.traffic.controller.customer.AccidentController.sessionFrom(long,javax.servlet.http.HttpSession)
2019-02-28 11:11:15,252 INFO [main] o.s.w.s.m.m.a.RequestMappingHandlerMapping - Mapped "{[/customer/saveAgreement],methods=[POST]}" onto public com.ctf.traffic.po.CommonResponse com.ctf.traffic.controller.customer.AccidentController.saveAgreement(javax.servlet.http.HttpServletRequest,java.lang.String)
2019-02-28 11:11:15,252 INFO [main] o.s.w.s.m.m.a.RequestMappingHandlerMapping - Mapped "{[/customer/previewAgreement],methods=[GET]}" onto public com.ctf.traffic.po.CommonResponse com.ctf.traffic.controller.customer.AccidentController.previewAgreement(javax.servlet.http.HttpServletRequest)
2019-02-28 11:11:15,253 INFO [main] o.s.w.s.m.m.a.RequestMappingHandlerMapping - Mapped "{[/customer/seqNumber],methods=[POST]}" onto public com.ctf.traffic.po.CommonResponse com.ctf.traffic.controller.customer.AccidentController.getSeqNumber(javax.servlet.http.HttpServletRequest)
2019-02-28 11:11:15,253 INFO [main] o.s.w.s.m.m.a.RequestMappingHandlerMapping - Mapped "{[/customer/validIdNumber],methods=[GET]}" onto public com.ctf.traffic.po.CommonResponse com.ctf.traffic.controller.customer.AccidentController.validIdNumber(java.lang.String)
2019-02-28 11:11:15,253 INFO [main] o.s.w.s.m.m.a.RequestMappingHandlerMapping - Mapped "{[/customer/validCarNumber],methods=[GET]}" onto public com.ctf.traffic.po.CommonResponse com.ctf.traffic.controller.customer.AccidentController.validCarNumber(java.lang.String,java.lang.String)
2019-02-28 11:11:15,254 INFO [main] o.s.w.s.m.m.a.RequestMappingHandlerMapping - Mapped "{[/customer/upload/uploadFile],methods=[POST]}" onto public com.ctf.traffic.po.CommonResponse com.ctf.traffic.controller.customer.AccidentController.uploadFile(org.springframework.web.multipart.MultipartFile,java.lang.String)
2019-02-28 11:11:15,254 INFO [main] o.s.w.s.m.m.a.RequestMappingHandlerMapping - Mapped "{[/customer/accident],methods=[POST]}" onto public com.ctf.traffic.po.CommonResponse com.ctf.traffic.controller.customer.AccidentController.addAccident(javax.servlet.http.HttpSession,javax.servlet.http.HttpServletResponse)
2019-02-28 11:11:15,254 INFO [main] o.s.w.s.m.m.a.RequestMappingHandlerMapping - Mapped "{[/customer/upload/uploadFileTmp],methods=[POST]}" onto public com.ctf.traffic.po.CommonResponse com.ctf.traffic.controller.customer.AccidentController.uploadFileTmp(org.springframework.web.multipart.MultipartFile) throws java.lang.Exception
2019-02-28 11:11:15,255 INFO [main] o.s.w.s.m.m.a.RequestMappingHandlerMapping - Mapped "{[/customer/finishAccident],methods=[PUT]}" onto public com.ctf.traffic.po.CommonResponse com.ctf.traffic.controller.customer.AccidentController.finishAccident(javax.servlet.http.HttpServletRequest)
2019-02-28 11:11:15,255 INFO [main] o.s.w.s.m.m.a.RequestMappingHandlerMapping - Mapped "{[/customer/processMode],methods=[POST]}" onto public com.ctf.traffic.po.CommonResponse com.ctf.traffic.controller.customer.AccidentController.saveProcessMode(javax.servlet.http.HttpServletRequest,java.lang.Integer)
2019-02-28 11:11:15,255 INFO [main] o.s.w.s.m.m.a.RequestMappingHandlerMapping - Mapped "{[/customer/canUploadMediaM],methods=[GET]}" onto public com.ctf.traffic.po.CommonResponse com.ctf.traffic.controller.customer.AccidentController.canUploadMediaM(java.lang.Long,java.lang.String)
2019-02-28 11:11:15,256 INFO [main] o.s.w.s.m.m.a.RequestMappingHandlerMapping - Mapped "{[/customer/phoneQrcode],methods=[GET]}" onto public void com.ctf.traffic.controller.customer.AccidentController.phoneQrcode(javax.servlet.http.HttpServletRequest,javax.servlet.http.HttpServletResponse) throws java.lang.Exception
2019-02-28 11:11:15,256 INFO [main] o.s.w.s.m.m.a.RequestMappingHandlerMapping - Mapped "{[/customer/accident],methods=[GET]}" onto public com.ctf.traffic.po.CommonResponse com.ctf.traffic.controller.customer.AccidentController.getAccident(javax.servlet.http.HttpServletRequest)
2019-02-28 11:11:15,256 INFO [main] o.s.w.s.m.m.a.RequestMappingHandlerMapping - Mapped "{[/customer/getLocationList],methods=[GET]}" onto public com.ctf.traffic.po.CommonResponse com.ctf.traffic.controller.customer.AccidentController.getLocationList(java.lang.Long)
2019-02-28 11:11:15,257 INFO [main] o.s.w.s.m.m.a.RequestMappingHandlerMapping - Mapped "{[/customer/reSeq],methods=[GET]}" onto public com.ctf.traffic.po.CommonResponse com.ctf.traffic.controller.customer.AccidentController.reSeq(javax.servlet.http.HttpServletRequest)
2019-02-28 11:11:15,257 INFO [main] o.s.w.s.m.m.a.RequestMappingHandlerMapping - Mapped "{[/customer/getUploadMediaM],methods=[GET]}" onto public com.ctf.traffic.po.CommonResponse com.ctf.traffic.controller.customer.AccidentController.getUploadMediaM(javax.servlet.http.HttpServletRequest)
2019-02-28 11:11:15,258 INFO [main] o.s.w.s.m.m.a.RequestMappingHandlerMapping - Mapped "{[/customer/listSubstation],methods=[GET]}" onto public com.ctf.traffic.po.CommonResponse com.ctf.traffic.controller.customer.AccidentController.listSubstation()
2019-02-28 11:11:15,258 INFO [main] o.s.w.s.m.m.a.RequestMappingHandlerMapping - Mapped "{[/customer/ownAgreement],methods=[GET]}" onto public com.ctf.traffic.po.CommonResponse com.ctf.traffic.controller.customer.AccidentController.ownAgreement(javax.servlet.http.HttpServletRequest)
2019-02-28 11:11:15,259 INFO [main] o.s.w.s.m.m.a.RequestMappingHandlerMapping - Mapped "{[/customer/validConductCenter],methods=[GET]}" onto public com.ctf.traffic.po.CommonResponse com.ctf.traffic.controller.customer.CommonController.validConductCenter(java.lang.String,javax.servlet.http.HttpSession)
2019-02-28 11:11:15,260 INFO [main] o.s.w.s.m.m.a.RequestMappingHandlerMapping - Mapped "{[/customer/index],methods=[GET]}" onto public java.lang.String com.ctf.traffic.controller.customer.CommonController.redirectInstructions(javax.servlet.http.HttpSession)
2019-02-28 11:11:15,260 INFO [main] o.s.w.s.m.m.a.RequestMappingHandlerMapping - Mapped "{[/customer/interval],methods=[GET]}" onto public void com.ctf.traffic.controller.customer.CommonController.interval(javax.servlet.http.HttpSession)
2019-02-28 11:11:15,261 INFO [main] o.s.w.s.m.m.a.RequestMappingHandlerMapping - Mapped "{[/customer/mInfoUpload],methods=[GET]}" onto public java.lang.String com.ctf.traffic.controller.customer.CommonController.mobileUpload(long,java.util.Map<java.lang.String, java.lang.Object>)
2019-02-28 11:11:15,263 INFO [main] o.s.w.s.m.m.a.RequestMappingHandlerMapping - Mapped "{[/s/acccidentProcess/start{id}],methods=[PUT]}" onto public com.ctf.traffic.po.CommonResponse com.ctf.traffic.controller.manage.AccidentProcessController.startProcess(long)
2019-02-28 11:11:15,264 INFO [main] o.s.w.s.m.m.a.RequestMappingHandlerMapping - Mapped "{[/s/acccidentProcess/reprocess{id}],methods=[PUT]}" onto public com.ctf.traffic.po.CommonResponse com.ctf.traffic.controller.manage.AccidentProcessController.reprocess(long)
2019-02-28 11:11:15,267 INFO [main] o.s.w.s.m.m.a.RequestMappingHandlerMapping - Mapped "{[/s/reasonCategory],methods=[POST]}" onto public com.ctf.traffic.po.CommonResponse com.ctf.traffic.controller.manage.AccidentReasonCategoryController.add(com.ctf.traffic.po.AccidentReasonCategory,org.springframework.validation.BindingResult)
2019-02-28 11:11:15,267 INFO [main] o.s.w.s.m.m.a.RequestMappingHandlerMapping - Mapped "{[/s/reasonCategory/{id}],methods=[PUT]}" onto public com.ctf.traffic.po.CommonResponse com.ctf.traffic.controller.manage.AccidentReasonCategoryController.update(long,com.ctf.traffic.po.AccidentReasonCategory,org.springframework.validation.BindingResult)
2019-02-28 11:11:15,268 INFO [main] o.s.w.s.m.m.a.RequestMappingHandlerMapping - Mapped "{[/s/reasonCategory/{id}],methods=[DELETE]}" onto public com.ctf.traffic.po.CommonResponse com.ctf.traffic.controller.manage.AccidentReasonCategoryController.delete(long)
2019-02-28 11:11:15,268 INFO [main] o.s.w.s.m.m.a.RequestMappingHandlerMapping - Mapped "{[/s/reasonCategory],methods=[GET]}" onto public com.ctf.traffic.po.CommonResponse com.ctf.traffic.controller.manage.AccidentReasonCategoryController.search(java.lang.String,int,int)
2019-02-28 11:11:15,271 INFO [main] o.s.w.s.m.m.a.RequestMappingHandlerMapping - Mapped "{[/s/accidentReason],methods=[POST]}" onto public com.ctf.traffic.po.CommonResponse com.ctf.traffic.controller.manage.AccidentReasonController.add(com.ctf.traffic.po.AccidentReason,long,org.springframework.validation.BindingResult)
2019-02-28 11:11:15,272 INFO [main] o.s.w.s.m.m.a.RequestMappingHandlerMapping - Mapped "{[/s/accidentReason/{id}],methods=[PUT]}" onto public com.ctf.traffic.po.CommonResponse com.ctf.traffic.controller.manage.AccidentReasonController.update(long,com.ctf.traffic.po.AccidentReason,long[],long[])
2019-02-28 11:11:15,272 INFO [main] o.s.w.s.m.m.a.RequestMappingHandlerMapping - Mapped "{[/s/accidentReason/{id}],methods=[DELETE]}" onto public com.ctf.traffic.po.CommonResponse com.ctf.traffic.controller.manage.AccidentReasonController.delete(long)
2019-02-28 11:11:15,273 INFO [main] o.s.w.s.m.m.a.RequestMappingHandlerMapping - Mapped "{[/s/accidentReason/getReasonByCategoryId],methods=[GET]}" onto public com.ctf.traffic.po.CommonResponse com.ctf.traffic.controller.manage.AccidentReasonController.getReasonByCategoryId(long,java.lang.String,int,int)
2019-02-28 11:11:15,273 INFO [main] o.s.w.s.m.m.a.RequestMappingHandlerMapping - Mapped "{[/s/accidentReason/upload/uploadFile],methods=[POST]}" onto public com.ctf.traffic.po.CommonResponse com.ctf.traffic.controller.manage.AccidentReasonController.uploadFile(org.springframework.web.multipart.MultipartFile,java.lang.String)
2019-02-28 11:11:15,276 INFO [main] o.s.w.s.m.m.a.RequestMappingHandlerMapping - Mapped "{[/s/clause],methods=[POST]}" onto public com.ctf.traffic.po.CommonResponse com.ctf.traffic.controller.manage.ClauseController.add(com.ctf.traffic.po.Clause,org.springframework.validation.BindingResult)
2019-02-28 11:11:15,276 INFO [main] o.s.w.s.m.m.a.RequestMappingHandlerMapping - Mapped "{[/s/clause/{id}],methods=[PUT]}" onto public com.ctf.traffic.po.CommonResponse com.ctf.traffic.controller.manage.ClauseController.update(long,com.ctf.traffic.po.Clause,org.springframework.validation.BindingResult)
2019-02-28 11:11:15,277 INFO [main] o.s.w.s.m.m.a.RequestMappingHandlerMapping - Mapped "{[/s/clause/{id}],methods=[DELETE]}" onto public com.ctf.traffic.po.CommonResponse com.ctf.traffic.controller.manage.ClauseController.delete(long)
2019-02-28 11:11:15,278 INFO [main] o.s.w.s.m.m.a.RequestMappingHandlerMapping - Mapped "{[/s/clause],methods=[GET]}" onto public com.ctf.traffic.po.CommonResponse com.ctf.traffic.controller.manage.ClauseController.search(java.lang.String,int,int)
2019-02-28 11:11:15,278 INFO [main] o.s.w.s.m.m.a.RequestMappingHandlerMapping - Mapped "{[/s/clause/excludeByAccidentReason/{reasonId}],methods=[GET]}" onto public com.ctf.traffic.po.CommonResponse com.ctf.traffic.controller.manage.ClauseController.pageExcludeByAccidentReason(long,java.lang.String,int,int)
2019-02-28 11:11:15,278 INFO [main] o.s.w.s.m.m.a.RequestMappingHandlerMapping - Mapped "{[/s/clause/byAccidentReason/{reasonId}],methods=[GET]}" onto public com.ctf.traffic.po.CommonResponse com.ctf.traffic.controller.manage.ClauseController.pageByAccidentReason(long,int,int)
2019-02-28 11:11:15,280 INFO [main] o.s.w.s.m.m.a.RequestMappingHandlerMapping - Mapped "{[/manage/listPendingCoordinationAccident],methods=[GET]}" onto public com.ctf.traffic.po.CommonResponse com.ctf.traffic.controller.manage.CommonController.listPendingCoordinationAccident()
2019-02-28 11:11:15,281 INFO [main] o.s.w.s.m.m.a.RequestMappingHandlerMapping - Mapped "{[/manage/getAccidentDetailsById],methods=[GET]}" onto public com.ctf.traffic.po.CommonResponse com.ctf.traffic.controller.manage.CommonController.getAccidentDetailsById(java.lang.Long)
2019-02-28 11:11:15,281 INFO [main] o.s.w.s.m.m.a.RequestMappingHandlerMapping - Mapped "{[/manage/getDataStatistics],methods=[GET]}" onto public com.ctf.traffic.po.CommonResponse com.ctf.traffic.controller.manage.CommonController.getDataStatistics(java.lang.String,java.lang.String)
2019-02-28 11:11:15,281 INFO [main] o.s.w.s.m.m.a.RequestMappingHandlerMapping - Mapped "{[/manage/listMyPendedAccident],methods=[GET]}" onto public com.ctf.traffic.po.CommonResponse com.ctf.traffic.controller.manage.CommonController.listMyPendedAccident(java.lang.String,int,int,javax.servlet.http.HttpServletRequest) throws java.lang.Exception
2019-02-28 11:11:15,282 INFO [main] o.s.w.s.m.m.a.RequestMappingHandlerMapping - Mapped "{[/manage/getAccidentDetails],methods=[GET]}" onto public com.ctf.traffic.po.CommonResponse com.ctf.traffic.controller.manage.CommonController.getAccidentDetails(boolean,java.lang.String,java.lang.String,java.lang.String,java.lang.String,java.lang.Long,java.lang.Integer,java.lang.Integer,java.lang.Long)
2019-02-28 11:11:15,282 INFO [main] o.s.w.s.m.m.a.RequestMappingHandlerMapping - Mapped "{[/manage/pointMap],methods=[POST]}" onto public com.ctf.traffic.po.CommonResponse com.ctf.traffic.controller.manage.CommonController.pointMap(java.lang.String,java.lang.String)
2019-02-28 11:11:15,282 INFO [main] o.s.w.s.m.m.a.RequestMappingHandlerMapping - Mapped "{[/manage/upload/uploadFile],methods=[POST]}" onto public com.ctf.traffic.po.CommonResponse com.ctf.traffic.controller.manage.CommonController.uploadFile(org.springframework.web.multipart.MultipartFile,java.lang.String)
2019-02-28 11:11:15,284 INFO [main] o.s.w.s.m.m.a.RequestMappingHandlerMapping - Mapped "{[/s/conductCenter/getConductCenter],methods=[GET]}" onto java.lang.String com.ctf.traffic.controller.manage.ConductCenterController.findAll(java.lang.Integer,java.lang.Integer)
2019-02-28 11:11:15,285 INFO [main] o.s.w.s.m.m.a.RequestMappingHandlerMapping - Mapped "{[/s/conductCenter/listDeviceByConductCenterId],methods=[GET]}" onto public com.ctf.traffic.po.CommonResponse com.ctf.traffic.controller.manage.ConductCenterController.listDeviceByConductCenterId(long)
2019-02-28 11:11:15,285 INFO [main] o.s.w.s.m.m.a.RequestMappingHandlerMapping - Mapped "{[/s/conductCenter/{id}],methods=[PUT]}" onto public com.ctf.traffic.po.CommonResponse com.ctf.traffic.controller.manage.ConductCenterController.updateConductCenter(long,com.ctf.traffic.po.ConductCenter)
2019-02-28 11:11:15,285 INFO [main] o.s.w.s.m.m.a.RequestMappingHandlerMapping - Mapped "{[/s/conductCenter/{id}],methods=[DELETE]}" onto public com.ctf.traffic.po.CommonResponse com.ctf.traffic.controller.manage.ConductCenterController.deleteConductCenter(long)
2019-02-28 11:11:15,286 INFO [main] o.s.w.s.m.m.a.RequestMappingHandlerMapping - Mapped "{[/s/conductCenter],methods=[POST]}" onto public com.ctf.traffic.po.CommonResponse com.ctf.traffic.controller.manage.ConductCenterController.addConductCenter(com.ctf.traffic.po.ConductCenter)
2019-02-28 11:11:15,286 INFO [main] o.s.w.s.m.m.a.RequestMappingHandlerMapping - Mapped "{[/s/conductCenter/deleteDevice],methods=[POST]}" onto public com.ctf.traffic.po.CommonResponse com.ctf.traffic.controller.manage.ConductCenterController.deleteDevice(java.lang.String,long)
2019-02-28 11:11:15,286 INFO [main] o.s.w.s.m.m.a.RequestMappingHandlerMapping - Mapped "{[/s/conductCenter/addDevice],methods=[POST]}" onto public com.ctf.traffic.po.CommonResponse com.ctf.traffic.controller.manage.ConductCenterController.addDevice(java.lang.String,long)
2019-02-28 11:11:15,288 INFO [main] o.s.w.s.m.m.a.RequestMappingHandlerMapping - Mapped "{[/s/illegalBehavior],methods=[POST]}" onto public com.ctf.traffic.po.CommonResponse com.ctf.traffic.controller.manage.IllegalBehaviorController.add(com.ctf.traffic.po.IllegalBehavior,org.springframework.validation.BindingResult)
2019-02-28 11:11:15,288 INFO [main] o.s.w.s.m.m.a.RequestMappingHandlerMapping - Mapped "{[/s/illegalBehavior/{id}],methods=[PUT]}" onto public com.ctf.traffic.po.CommonResponse com.ctf.traffic.controller.manage.IllegalBehaviorController.update(long,com.ctf.traffic.po.IllegalBehavior,org.springframework.validation.BindingResult)
2019-02-28 11:11:15,289 INFO [main] o.s.w.s.m.m.a.RequestMappingHandlerMapping - Mapped "{[/s/illegalBehavior/{id}],methods=[DELETE]}" onto public com.ctf.traffic.po.CommonResponse com.ctf.traffic.controller.manage.IllegalBehaviorController.delete(long)
2019-02-28 11:11:15,290 INFO [main] o.s.w.s.m.m.a.RequestMappingHandlerMapping - Mapped "{[/s/illegalBehavior],methods=[GET]}" onto public com.ctf.traffic.po.CommonResponse com.ctf.traffic.controller.manage.IllegalBehaviorController.search(java.lang.String,int,int)
2019-02-28 11:11:15,291 INFO [main] o.s.w.s.m.m.a.RequestMappingHandlerMapping - Mapped "{[/s/illegalBehavior/excludeByAccidentReason/{reasonId}],methods=[GET]}" onto public com.ctf.traffic.po.CommonResponse com.ctf.traffic.controller.manage.IllegalBehaviorController.pageExcludeByAccidentReason(long,java.lang.String,int,int)
2019-02-28 11:11:15,292 INFO [main] o.s.w.s.m.m.a.RequestMappingHandlerMapping - Mapped "{[/s/illegalBehavior/byAccidentReason/{reasonId}],methods=[GET]}" onto public com.ctf.traffic.po.CommonResponse com.ctf.traffic.controller.manage.IllegalBehaviorController.pageByAccidentReason(long,int,int)
2019-02-28 11:11:15,294 INFO [main] o.s.w.s.m.m.a.RequestMappingHandlerMapping - Mapped "{[/s/insuranceCompany],methods=[POST]}" onto public com.ctf.traffic.po.CommonResponse com.ctf.traffic.controller.manage.InsuranceCompanyController.add(com.ctf.traffic.po.InsuranceCompany)
2019-02-28 11:11:15,294 INFO [main] o.s.w.s.m.m.a.RequestMappingHandlerMapping - Mapped "{[/s/insuranceCompany/{id}],methods=[PUT]}" onto public com.ctf.traffic.po.CommonResponse com.ctf.traffic.controller.manage.InsuranceCompanyController.update(long,com.ctf.traffic.po.InsuranceCompany)
2019-02-28 11:11:15,295 INFO [main] o.s.w.s.m.m.a.RequestMappingHandlerMapping - Mapped "{[/s/insuranceCompany/{id}],methods=[DELETE]}" onto public com.ctf.traffic.po.CommonResponse com.ctf.traffic.controller.manage.InsuranceCompanyController.delete(long)
2019-02-28 11:11:15,295 INFO [main] o.s.w.s.m.m.a.RequestMappingHandlerMapping - Mapped "{[/s/insuranceCompany],methods=[GET]}" onto public com.ctf.traffic.po.CommonResponse com.ctf.traffic.controller.manage.InsuranceCompanyController.search(java.lang.String,int,int)
2019-02-28 11:11:15,297 INFO [main] o.s.w.s.m.m.a.RequestMappingHandlerMapping - Mapped "{[/s/jurisdictionArea],methods=[POST]}" onto public com.ctf.traffic.po.CommonResponse com.ctf.traffic.controller.manage.JurisdictionAreaController.add(com.ctf.traffic.po.JurisdictionArea,long,org.springframework.validation.BindingResult)
2019-02-28 11:11:15,297 INFO [main] o.s.w.s.m.m.a.RequestMappingHandlerMapping - Mapped "{[/s/jurisdictionArea/{id}],methods=[PUT]}" onto public com.ctf.traffic.po.CommonResponse com.ctf.traffic.controller.manage.JurisdictionAreaController.update(long,com.ctf.traffic.po.JurisdictionArea,org.springframework.validation.BindingResult)
2019-02-28 11:11:15,298 INFO [main] o.s.w.s.m.m.a.RequestMappingHandlerMapping - Mapped "{[/s/jurisdictionArea/{id}],methods=[DELETE]}" onto public com.ctf.traffic.po.CommonResponse com.ctf.traffic.controller.manage.JurisdictionAreaController.delete(long)
2019-02-28 11:11:15,298 INFO [main] o.s.w.s.m.m.a.RequestMappingHandlerMapping - Mapped "{[/s/jurisdictionArea],methods=[GET]}" onto public com.ctf.traffic.po.CommonResponse com.ctf.traffic.controller.manage.JurisdictionAreaController.search(java.lang.String,int,int)
2019-02-28 11:11:15,298 INFO [main] o.s.w.s.m.m.a.RequestMappingHandlerMapping - Mapped "{[/s/jurisdictionArea/excludeBySubstation/{substationId}],methods=[GET]}" onto public com.ctf.traffic.po.CommonResponse com.ctf.traffic.controller.manage.JurisdictionAreaController.pageExcludeBySubstation(long,java.lang.String,int,int)
2019-02-28 11:11:15,299 INFO [main] o.s.w.s.m.m.a.RequestMappingHandlerMapping - Mapped "{[/s/jurisdictionArea/bySubstation/{substationId}],methods=[GET]}" onto public com.ctf.traffic.po.CommonResponse com.ctf.traffic.controller.manage.JurisdictionAreaController.pageBySubstation(long,int,int)
2019-02-28 11:11:15,300 INFO [main] o.s.w.s.m.m.a.RequestMappingHandlerMapping - Mapped "{[/s/substation],methods=[POST]}" onto public com.ctf.traffic.po.CommonResponse com.ctf.traffic.controller.manage.SubstationController.add(com.ctf.traffic.po.Substation,org.springframework.validation.BindingResult)
2019-02-28 11:11:15,301 INFO [main] o.s.w.s.m.m.a.RequestMappingHandlerMapping - Mapped "{[/s/substation/{id}],methods=[PUT]}" onto public com.ctf.traffic.po.CommonResponse com.ctf.traffic.controller.manage.SubstationController.update(long,com.ctf.traffic.po.Substation,long[],org.springframework.validation.BindingResult)
2019-02-28 11:11:15,301 INFO [main] o.s.w.s.m.m.a.RequestMappingHandlerMapping - Mapped "{[/s/substation/{id}],methods=[DELETE]}" onto public com.ctf.traffic.po.CommonResponse com.ctf.traffic.controller.manage.SubstationController.delete(long)
2019-02-28 11:11:15,301 INFO [main] o.s.w.s.m.m.a.RequestMappingHandlerMapping - Mapped "{[/s/substation],methods=[GET]}" onto public com.ctf.traffic.po.CommonResponse com.ctf.traffic.controller.manage.SubstationController.search(java.lang.String,int,int)
2019-02-28 11:11:15,302 INFO [main] o.s.w.s.m.m.a.RequestMappingHandlerMapping - Mapped "{[/s/sysconf/person/updateSysconf],methods=[PUT]}" onto java.lang.String com.ctf.traffic.controller.manage.SysConfController.update(java.lang.String,java.lang.String)
2019-02-28 11:11:15,302 INFO [main] o.s.w.s.m.m.a.RequestMappingHandlerMapping - Mapped "{[/s/sysconf/person/getSysconf],methods=[GET]}" onto java.lang.String com.ctf.traffic.controller.manage.SysConfController.list(java.lang.String,java.lang.Integer,java.lang.Integer)
2019-02-28 11:11:15,304 INFO [main] o.s.w.s.m.m.a.RequestMappingHandlerMapping - Mapped "{[/s/sysDictionary/person/deleteSysDictionary],methods=[POST]}" onto java.lang.String com.ctf.traffic.controller.manage.SysDictionaryController.deleteSysDictionary(java.lang.String)
2019-02-28 11:11:15,304 INFO [main] o.s.w.s.m.m.a.RequestMappingHandlerMapping - Mapped "{[/s/sysDictionary/person/updateSysDictionary],methods=[PUT]}" onto java.lang.String com.ctf.traffic.controller.manage.SysDictionaryController.updateSysDictionary(java.lang.String,java.lang.String,java.lang.String)
2019-02-28 11:11:15,305 INFO [main] o.s.w.s.m.m.a.RequestMappingHandlerMapping - Mapped "{[/s/sysDictionary/person/addSysDictionary],methods=[POST]}" onto java.lang.String com.ctf.traffic.controller.manage.SysDictionaryController.addSysDictionary(java.lang.String,java.lang.String,java.lang.String)
2019-02-28 11:11:15,305 INFO [main] o.s.w.s.m.m.a.RequestMappingHandlerMapping - Mapped "{[/s/sysDictionary/person/getSysDictionaryCate],methods=[GET]}" onto java.lang.String com.ctf.traffic.controller.manage.SysDictionaryController.listCate()
2019-02-28 11:11:15,305 INFO [main] o.s.w.s.m.m.a.RequestMappingHandlerMapping - Mapped "{[/s/sysDictionary/person/getSysDictionaryByCate],methods=[GET]}" onto java.lang.String com.ctf.traffic.controller.manage.SysDictionaryController.listDic(java.lang.String,java.lang.Integer,java.lang.Integer)
2019-02-28 11:11:15,308 INFO [main] o.s.w.s.m.m.a.RequestMappingHandlerMapping - Mapped "{[/s/sysperson/person/add]}" onto java.lang.String com.ctf.traffic.controller.manage.SysPersonController.add(com.ctf.traffic.po.sys.SysPerson,java.lang.String,java.lang.String,java.lang.Long) throws java.lang.Exception
2019-02-28 11:11:15,309 INFO [main] o.s.w.s.m.m.a.RequestMappingHandlerMapping - Mapped "{[/s/sysperson/person/update]}" onto java.lang.String com.ctf.traffic.controller.manage.SysPersonController.update(com.ctf.traffic.po.sys.SysPerson,java.lang.String,java.lang.String,java.lang.Long) throws java.lang.Exception
2019-02-28 11:11:15,309 INFO [main] o.s.w.s.m.m.a.RequestMappingHandlerMapping - Mapped "{[/s/sysperson/person/findAll]}" onto com.ctf.traffic.po.CommonResponse com.ctf.traffic.controller.manage.SysPersonController.findAll(java.lang.Integer,java.lang.Integer)
2019-02-28 11:11:15,309 INFO [main] o.s.w.s.m.m.a.RequestMappingHandlerMapping - Mapped "{[/s/sysperson/person/deleteById]}" onto java.lang.String com.ctf.traffic.controller.manage.SysPersonController.deleteById(java.lang.String) throws java.lang.Exception
2019-02-28 11:11:15,310 INFO [main] o.s.w.s.m.m.a.RequestMappingHandlerMapping - Mapped "{[/s/sysperson/person/findPersonByEmpNo]}" onto java.lang.String com.ctf.traffic.controller.manage.SysPersonController.findPersonByEmpNo(java.lang.String) throws java.lang.Exception
2019-02-28 11:11:15,310 INFO [main] o.s.w.s.m.m.a.RequestMappingHandlerMapping - Mapped "{[/s/sysperson/person/findBySubstationId],methods=[GET]}" onto public com.ctf.traffic.po.CommonResponse com.ctf.traffic.controller.manage.SysPersonController.findBySubstationId(long,java.lang.String,int,int)
2019-02-28 11:11:15,311 INFO [main] o.s.w.s.m.m.a.RequestMappingHandlerMapping - Mapped "{[/s/sysperson/person/initUserInfoById]}" onto java.lang.String com.ctf.traffic.controller.manage.SysPersonController.initUserInfoById(javax.servlet.http.HttpServletRequest) throws java.lang.Exception
2019-02-28 11:11:15,311 INFO [main] o.s.w.s.m.m.a.RequestMappingHandlerMapping - Mapped "{[/s/sysperson/person/findByRole]}" onto java.lang.String com.ctf.traffic.controller.manage.SysPersonController.findByRole(long) throws java.lang.Exception
2019-02-28 11:11:15,312 INFO [main] o.s.w.s.m.m.a.RequestMappingHandlerMapping - Mapped "{[/s/sysperson/publicLogin]}" onto java.lang.String com.ctf.traffic.controller.manage.SysPersonController.publicLogin(java.lang.String,java.lang.String,javax.servlet.http.HttpServletRequest)
2019-02-28 11:11:15,312 INFO [main] o.s.w.s.m.m.a.RequestMappingHandlerMapping - Mapped "{[/s/sysperson/person/getImg]}" onto java.lang.String com.ctf.traffic.controller.manage.SysPersonController.setImg(java.lang.String,org.springframework.web.servlet.config.annotation.ResourceHandlerRegistry) throws java.lang.Exception
2019-02-28 11:11:15,312 INFO [main] o.s.w.s.m.m.a.RequestMappingHandlerMapping - Mapped "{[/s/sysperson/person/setImg]}" onto java.lang.String com.ctf.traffic.controller.manage.SysPersonController.setImg(org.springframework.web.multipart.MultipartFile,java.lang.String) throws java.lang.Exception
2019-02-28 11:11:15,312 INFO [main] o.s.w.s.m.m.a.RequestMappingHandlerMapping - Mapped "{[/s/sysperson/person/changepassword]}" onto com.ctf.traffic.po.CommonResponse com.ctf.traffic.controller.manage.SysPersonController.changepassword(java.lang.String,java.lang.String) throws java.lang.Exception
2019-02-28 11:11:15,313 INFO [main] o.s.w.s.m.m.a.RequestMappingHandlerMapping - Mapped "{[/s/sysperson/person/getPoliceList],methods=[GET]}" onto public com.ctf.traffic.po.CommonResponse com.ctf.traffic.controller.manage.SysPersonController.getPoliceList()
2019-02-28 11:11:15,315 INFO [main] o.s.w.s.m.m.a.RequestMappingHandlerMapping - Mapped "{[/s/sysrole/person/add]}" onto java.lang.String com.ctf.traffic.controller.manage.SysRoleController.add(com.ctf.traffic.po.sys.SysRole,java.lang.String)
2019-02-28 11:11:15,315 INFO [main] o.s.w.s.m.m.a.RequestMappingHandlerMapping - Mapped "{[/s/sysrole/person/update]}" onto java.lang.String com.ctf.traffic.controller.manage.SysRoleController.update(com.ctf.traffic.po.sys.SysRole,java.lang.String)
2019-02-28 11:11:15,316 INFO [main] o.s.w.s.m.m.a.RequestMappingHandlerMapping - Mapped "{[/s/sysrole/person/deleteById]}" onto java.lang.String com.ctf.traffic.controller.manage.SysRoleController.delete(java.lang.String)
2019-02-28 11:11:15,316 INFO [main] o.s.w.s.m.m.a.RequestMappingHandlerMapping - Mapped "{[/s/sysrole/person/findAll],methods=[GET]}" onto java.lang.String com.ctf.traffic.controller.manage.SysRoleController.findAll(java.lang.Integer,java.lang.Integer)
2019-02-28 11:11:15,316 INFO [main] o.s.w.s.m.m.a.RequestMappingHandlerMapping - Mapped "{[/s/sysrole/person/findById]}" onto java.lang.String com.ctf.traffic.controller.manage.SysRoleController.findById(java.lang.Long)
2019-02-28 11:11:15,316 INFO [main] o.s.w.s.m.m.a.RequestMappingHandlerMapping - Mapped "{[/s/sysrole/person/findAllMenu]}" onto java.lang.String com.ctf.traffic.controller.manage.SysRoleController.findAllMenu()
2019-02-28 11:11:15,320 INFO [main] o.s.w.s.m.m.a.RequestMappingHandlerMapping - Mapped "{[/s/weather],methods=[POST]}" onto public com.ctf.traffic.po.CommonResponse com.ctf.traffic.controller.manage.WeatherController.add(com.ctf.traffic.po.Weather,org.springframework.validation.BindingResult)
2019-02-28 11:11:15,320 INFO [main] o.s.w.s.m.m.a.RequestMappingHandlerMapping - Mapped "{[/s/weather/{id}],methods=[PUT]}" onto public com.ctf.traffic.po.CommonResponse com.ctf.traffic.controller.manage.WeatherController.update(long,com.ctf.traffic.po.Weather,org.springframework.validation.BindingResult)
2019-02-28 11:11:15,320 INFO [main] o.s.w.s.m.m.a.RequestMappingHandlerMapping - Mapped "{[/s/weather/{id}],methods=[DELETE]}" onto public com.ctf.traffic.po.CommonResponse com.ctf.traffic.controller.manage.WeatherController.delete(long)
2019-02-28 11:11:15,321 INFO [main] o.s.w.s.m.m.a.RequestMappingHandlerMapping - Mapped "{[/s/weather],methods=[GET]}" onto public com.ctf.traffic.po.CommonResponse com.ctf.traffic.controller.manage.WeatherController.search(java.lang.String,int,int)
2019-02-28 11:11:15,321 INFO [main] o.s.w.s.m.m.a.RequestMappingHandlerMapping - Mapped "{[/thirdparty/insurance/accidentInfo],methods=[POST]}" onto public com.ctf.traffic.po.CommonResponse com.ctf.traffic.controller.thirdparty.InsuranceController.saveAgreementPic(java.lang.String)
2019-02-28 11:11:15,327 INFO [main] o.s.w.s.m.m.a.RequestMappingHandlerMapping - Mapped "{[/thirdparty/accident/sixToOne/list],methods=[GET]}" onto public com.ctf.traffic.po.CommonResponse com.ctf.traffic.controller.thirdparty.TrafficPoliceController.listAccidentFromSixToOne(java.lang.String)
2019-02-28 11:11:15,328 INFO [main] o.s.w.s.m.m.a.RequestMappingHandlerMapping - Mapped "{[/thirdparty/accident/saveAgreementPicUrl/{accidentId}],methods=[POST]}" onto public com.ctf.traffic.po.CommonResponse com.ctf.traffic.controller.thirdparty.TrafficPoliceController.saveAgreementPicUrl(long,java.lang.String,java.lang.String,java.lang.String)
2019-02-28 11:11:15,328 INFO [main] o.s.w.s.m.m.a.RequestMappingHandlerMapping - Mapped "{[/thirdparty/accident/getNextProcessAccidentParty],methods=[GET]}" onto public com.ctf.traffic.po.CommonResponse com.ctf.traffic.controller.thirdparty.TrafficPoliceController.getNextProcessAccidentParty(java.lang.String,java.lang.String,java.lang.String)
2019-02-28 11:11:15,328 INFO [main] o.s.w.s.m.m.a.RequestMappingHandlerMapping - Mapped "{[/thirdparty/accident/listAccidentReason],methods=[GET]}" onto public com.ctf.traffic.po.CommonResponse com.ctf.traffic.controller.thirdparty.TrafficPoliceController.getAccidentReasonList(java.lang.String,java.lang.String,java.lang.String)
2019-02-28 11:11:15,329 INFO [main] o.s.w.s.m.m.a.RequestMappingHandlerMapping - Mapped "{[/thirdparty/accident/offlineDeal],methods=[POST]}" onto public com.ctf.traffic.po.CommonResponse com.ctf.traffic.controller.thirdparty.TrafficPoliceController.offlineDealAndFinish(java.lang.String,java.lang.String,java.lang.String)
2019-02-28 11:11:15,329 INFO [main] o.s.w.s.m.m.a.RequestMappingHandlerMapping - Mapped "{[/thirdparty/accident/listClauseAndIllegalBehavior/{categoryId}],methods=[GET]}" onto public com.ctf.traffic.po.CommonResponse com.ctf.traffic.controller.thirdparty.TrafficPoliceController.getClauseAndIllegalBehaviorList(long,java.lang.String,java.lang.String,java.lang.String)
2019-02-28 11:11:15,329 INFO [main] o.s.w.s.m.m.a.RequestMappingHandlerMapping - Mapped "{[/thirdparty/accident/sixToOne/{accidentId}],methods=[POST]}" onto public com.ctf.traffic.po.CommonResponse com.ctf.traffic.controller.thirdparty.TrafficPoliceController.saveAccidentToSixToOne(long)
2019-02-28 11:11:15,330 INFO [main] o.s.w.s.m.m.a.RequestMappingHandlerMapping - Mapped "{[/thirdparty/accident/listJurisdictionArea],methods=[GET]}" onto public com.ctf.traffic.po.CommonResponse com.ctf.traffic.controller.thirdparty.TrafficPoliceController.listJurisdictionArea(java.lang.String,java.lang.String,java.lang.String)
2019-02-28 11:11:15,330 INFO [main] o.s.w.s.m.m.a.RequestMappingHandlerMapping - Mapped "{[/thirdparty/accident/sixToOne/queryAccidentWriteInfo],methods=[POST]}" onto public com.ctf.traffic.po.CommonResponse com.ctf.traffic.controller.thirdparty.TrafficPoliceController.queryAccidentWriteInfo(java.lang.String)
2019-02-28 11:11:15,330 INFO [main] o.s.w.s.m.m.a.RequestMappingHandlerMapping - Mapped "{[/thirdparty/accident/listLddmByDldm],methods=[GET]}" onto public com.ctf.traffic.po.CommonResponse com.ctf.traffic.controller.thirdparty.TrafficPoliceController.listLddmByDldm(java.lang.String,java.lang.String,java.lang.String)
2019-02-28 11:11:15,330 INFO [main] o.s.w.s.m.m.a.RequestMappingHandlerMapping - Mapped "{[/thirdparty/accident/listDldmByXzqh],methods=[GET]}" onto public com.ctf.traffic.po.CommonResponse com.ctf.traffic.controller.thirdparty.TrafficPoliceController.listDldmByXzqh(java.lang.String,java.lang.String,java.lang.String)
2019-02-28 11:11:15,331 INFO [main] o.s.w.s.m.m.a.RequestMappingHandlerMapping - Mapped "{[/thirdparty/accident/accidentPartyAbsence],methods=[POST]}" onto public com.ctf.traffic.po.CommonResponse com.ctf.traffic.controller.thirdparty.TrafficPoliceController.absense(java.lang.String,java.lang.String,java.lang.String)
2019-02-28 11:11:15,331 INFO [main] o.s.w.s.m.m.a.RequestMappingHandlerMapping - Mapped "{[/thirdparty/accident/{accidentId}],methods=[GET]}" onto public com.ctf.traffic.po.CommonResponse com.ctf.traffic.controller.thirdparty.TrafficPoliceController.getBaseInfo(java.lang.Integer,java.lang.String,java.lang.String,java.lang.String)
2019-02-28 11:11:15,331 INFO [main] o.s.w.s.m.m.a.RequestMappingHandlerMapping - Mapped "{[/thirdparty/accident/saveAgreementPic/{accidentId}],methods=[POST]}" onto public com.ctf.traffic.po.CommonResponse com.ctf.traffic.controller.thirdparty.TrafficPoliceController.saveAgreementPic(long,java.lang.String,java.lang.String,java.lang.String)
2019-02-28 11:11:15,331 INFO [main] o.s.w.s.m.m.a.RequestMappingHandlerMapping - Mapped "{[/thirdparty/accident/getAllWeather],methods=[GET]}" onto public com.ctf.traffic.po.CommonResponse com.ctf.traffic.controller.thirdparty.TrafficPoliceController.getAllWeather()
2019-02-28 11:11:15,332 INFO [main] o.s.w.s.m.m.a.RequestMappingHandlerMapping - Mapped "{[/thirdparty/accident/cognizance/{id}],methods=[GET]}" onto public com.ctf.traffic.po.CommonResponse com.ctf.traffic.controller.thirdparty.TrafficPoliceController.cognizance(long,java.lang.String,java.lang.String,java.lang.String)
2019-02-28 11:11:15,332 INFO [main] o.s.w.s.m.m.a.RequestMappingHandlerMapping - Mapped "{[/thirdparty/accident/listXzqh],methods=[GET]}" onto public com.ctf.traffic.po.CommonResponse com.ctf.traffic.controller.thirdparty.TrafficPoliceController.listXzqh(java.lang.String,java.lang.String,java.lang.String)
2019-02-28 11:11:15,332 INFO [main] o.s.w.s.m.m.a.RequestMappingHandlerMapping - Mapped "{[/thirdparty/accident/{accidentId}],methods=[POST]}" onto public com.ctf.traffic.po.CommonResponse com.ctf.traffic.controller.thirdparty.TrafficPoliceController.saveResult(long,java.lang.String,java.lang.String,java.lang.String)
2019-02-28 11:11:15,333 INFO [main] o.s.w.s.m.m.a.RequestMappingHandlerMapping - Mapped "{[/thirdparty/accident/uploadFile],methods=[POST]}" onto public com.ctf.traffic.po.CommonResponse com.ctf.traffic.controller.thirdparty.TrafficPoliceController.uploadFile(org.springframework.web.multipart.MultipartFile,java.lang.String,java.lang.String,java.lang.String)
2019-02-28 11:11:15,333 INFO [main] o.s.w.s.m.m.a.RequestMappingHandlerMapping - Mapped "{[/thirdparty/accident/cognizanceQrcode/{accidentId}],methods=[GET]}" onto public void com.ctf.traffic.controller.thirdparty.TrafficPoliceController.phoneQrcode(long,javax.servlet.http.HttpServletResponse) throws java.lang.Exception
2019-02-28 11:11:15,339 INFO [main] o.s.w.s.m.m.a.RequestMappingHandlerMapping - Mapped "{[/swagger-resources/configuration/security]}" onto public org.springframework.http.ResponseEntity<springfox.documentation.swagger.web.SecurityConfiguration> springfox.documentation.swagger.web.ApiResourceController.securityConfiguration()
2019-02-28 11:11:15,340 INFO [main] o.s.w.s.m.m.a.RequestMappingHandlerMapping - Mapped "{[/swagger-resources/configuration/ui]}" onto public org.springframework.http.ResponseEntity<springfox.documentation.swagger.web.UiConfiguration> springfox.documentation.swagger.web.ApiResourceController.uiConfiguration()
2019-02-28 11:11:15,341 INFO [main] o.s.w.s.m.m.a.RequestMappingHandlerMapping - Mapped "{[/swagger-resources]}" onto public org.springframework.http.ResponseEntity<java.util.List<springfox.documentation.swagger.web.SwaggerResource>> springfox.documentation.swagger.web.ApiResourceController.swaggerResources()
2019-02-28 11:11:15,345 INFO [main] o.s.w.s.m.m.a.RequestMappingHandlerMapping - Mapped "{[/error]}" onto public org.springframework.http.ResponseEntity<java.util.Map<java.lang.String, java.lang.Object>> org.springframework.boot.autoconfigure.web.servlet.error.BasicErrorController.error(javax.servlet.http.HttpServletRequest)
2019-02-28 11:11:15,346 INFO [main] o.s.w.s.m.m.a.RequestMappingHandlerMapping - Mapped "{[/error],produces=[text/html]}" onto public org.springframework.web.servlet.ModelAndView org.springframework.boot.autoconfigure.web.servlet.error.BasicErrorController.errorHtml(javax.servlet.http.HttpServletRequest,javax.servlet.http.HttpServletResponse)
2019-02-28 11:11:15,513 INFO [main] o.s.b.a.e.web.EndpointLinksResolver - Exposing 2 endpoint(s) beneath base path '/actuator'
2019-02-28 11:11:15,530 INFO [main] o.s.b.a.e.w.s.WebMvcEndpointHandlerMapping - Mapped "{[/actuator/health],methods=[GET],produces=[application/vnd.spring-boot.actuator.v2+json || application/json]}" onto public java.lang.Object org.springframework.boot.actuate.endpoint.web.servlet.AbstractWebMvcEndpointHandlerMapping$OperationHandler.handle(javax.servlet.http.HttpServletRequest,java.util.Map<java.lang.String, java.lang.String>)
2019-02-28 11:11:15,531 INFO [main] o.s.b.a.e.w.s.WebMvcEndpointHandlerMapping - Mapped "{[/actuator/info],methods=[GET],produces=[application/vnd.spring-boot.actuator.v2+json || application/json]}" onto public java.lang.Object org.springframework.boot.actuate.endpoint.web.servlet.AbstractWebMvcEndpointHandlerMapping$OperationHandler.handle(javax.servlet.http.HttpServletRequest,java.util.Map<java.lang.String, java.lang.String>)
2019-02-28 11:11:15,532 INFO [main] o.s.b.a.e.w.s.WebMvcEndpointHandlerMapping - Mapped "{[/actuator],methods=[GET],produces=[application/vnd.spring-boot.actuator.v2+json || application/json]}" onto protected java.util.Map<java.lang.String, java.util.Map<java.lang.String, org.springframework.boot.actuate.endpoint.web.Link>> org.springframework.boot.actuate.endpoint.web.servlet.WebMvcEndpointHandlerMapping.links(javax.servlet.http.HttpServletRequest,javax.servlet.http.HttpServletResponse)
2019-02-28 11:11:15,780 INFO [main] o.s.w.s.h.SimpleUrlHandlerMapping - Mapped URL path [/**] onto handler of type [class org.springframework.web.servlet.resource.ResourceHttpRequestHandler]
2019-02-28 11:11:15,780 INFO [main] o.s.w.s.h.SimpleUrlHandlerMapping - Mapped URL path [/personImage/**] onto handler of type [class org.springframework.web.servlet.resource.ResourceHttpRequestHandler]
2019-02-28 11:11:15,780 INFO [main] o.s.w.s.h.SimpleUrlHandlerMapping - Mapped URL path [/accidentImage/**] onto handler of type [class org.springframework.web.servlet.resource.ResourceHttpRequestHandler]
2019-02-28 11:11:15,781 INFO [main] o.s.w.s.h.SimpleUrlHandlerMapping - Mapped URL path [/swagger-ui.html] onto handler of type [class org.springframework.web.servlet.resource.ResourceHttpRequestHandler]
2019-02-28 11:11:15,781 INFO [main] o.s.w.s.h.SimpleUrlHandlerMapping - Mapped URL path [/webjars/**] onto handler of type [class org.springframework.web.servlet.resource.ResourceHttpRequestHandler]
2019-02-28 11:11:15,859 INFO [main] o.s.w.s.m.m.a.RequestMappingHandlerAdapter - Looking for @ControllerAdvice: org.springframework.boot.web.servlet.context.AnnotationConfigServletWebServerApplicationContext@117159c0: startup date [Thu Feb 28 11:10:59 CST 2019]; root of context hierarchy
2019-02-28 11:11:15,946 INFO [main] o.s.w.s.m.m.a.ExceptionHandlerExceptionResolver - Detected @ExceptionHandler methods in globalExceptionHandler
2019-02-28 11:11:16,019 INFO [main] s.d.s.w.PropertySourcedRequestMappingHandlerMapping - Mapped URL path [/v2/api-docs] onto method [public org.springframework.http.ResponseEntity<springfox.documentation.spring.web.json.Json> springfox.documentation.swagger2.web.Swagger2Controller.getDocumentation(java.lang.String,javax.servlet.http.HttpServletRequest)]
2019-02-28 11:11:16,060 INFO [main] o.s.s.c.ThreadPoolTaskExecutor - Initializing ExecutorService 
2019-02-28 11:11:16,067 INFO [main] o.s.s.c.ThreadPoolTaskExecutor - Initializing ExecutorService  'taskExecutor'
2019-02-28 11:11:16,679 WARN [main] o.s.b.a.o.j.JpaBaseConfiguration$JpaWebConfiguration$JpaWebMvcConfiguration - spring.jpa.open-in-view is enabled by default. Therefore, database queries may be performed during view rendering. Explicitly configure spring.jpa.open-in-view to disable this warning
2019-02-28 11:11:16,909 WARN [main] o.t.templatemode.TemplateMode - [THYMELEAF][main] Template Mode 'HTML5' is deprecated. Using Template Mode 'HTML' instead.
2019-02-28 11:11:17,130 INFO [main] o.s.j.e.a.AnnotationMBeanExporter - Registering beans for JMX exposure on startup
2019-02-28 11:11:17,133 INFO [main] o.s.j.e.a.AnnotationMBeanExporter - Bean with name 'dataSource' has been autodetected for JMX exposure
2019-02-28 11:11:17,147 INFO [main] o.s.j.e.a.AnnotationMBeanExporter - Located MBean 'dataSource': registering with JMX server as MBean [com.zaxxer.hikari:name=dataSource,type=HikariDataSource]
2019-02-28 11:11:17,154 INFO [main] o.s.c.s.DefaultLifecycleProcessor - Starting beans in phase 2147483647
2019-02-28 11:11:17,155 INFO [main] s.d.s.w.p.DocumentationPluginsBootstrapper - Context refreshed
2019-02-28 11:11:17,192 INFO [main] s.d.s.w.p.DocumentationPluginsBootstrapper - Found 1 custom documentation plugin(s)
2019-02-28 11:11:17,367 INFO [main] s.d.s.w.s.ApiListingReferenceScanner - Scanning for api listing references
2019-02-28 11:11:17,767 INFO [main] s.d.s.w.r.o.CachingOperationNameGenerator - Generating unique operation named: ownAgreementQrcodeUsingGET_1
2019-02-28 11:11:18,047 INFO [main] s.d.s.w.r.o.CachingOperationNameGenerator - Generating unique operation named: addUsingPOST_1
2019-02-28 11:11:18,052 INFO [main] s.d.s.w.r.o.CachingOperationNameGenerator - Generating unique operation named: deleteUsingDELETE_1
2019-02-28 11:11:18,066 INFO [main] s.d.s.w.r.o.CachingOperationNameGenerator - Generating unique operation named: updateUsingPUT_1
2019-02-28 11:11:18,070 INFO [main] s.d.s.w.r.o.CachingOperationNameGenerator - Generating unique operation named: uploadFileUsingPOST_1
2019-02-28 11:11:18,076 INFO [main] s.d.s.w.r.o.CachingOperationNameGenerator - Generating unique operation named: addUsingPOST_2
2019-02-28 11:11:18,085 INFO [main] s.d.s.w.r.o.CachingOperationNameGenerator - Generating unique operation named: deleteUsingDELETE_2
2019-02-28 11:11:18,100 INFO [main] s.d.s.w.r.o.CachingOperationNameGenerator - Generating unique operation named: searchUsingGET_1
2019-02-28 11:11:18,105 INFO [main] s.d.s.w.r.o.CachingOperationNameGenerator - Generating unique operation named: updateUsingPUT_2
2019-02-28 11:11:18,134 INFO [main] s.d.s.w.r.o.CachingOperationNameGenerator - Generating unique operation named: listPendingCoordinationAccidentUsingGET_1
2019-02-28 11:11:18,144 INFO [main] s.d.s.w.r.o.CachingOperationNameGenerator - Generating unique operation named: uploadFileUsingPOST_2
2019-02-28 11:11:18,188 INFO [main] s.d.s.w.r.o.CachingOperationNameGenerator - Generating unique operation named: addUsingPOST_3
2019-02-28 11:11:18,192 INFO [main] s.d.s.w.r.o.CachingOperationNameGenerator - Generating unique operation named: deleteUsingDELETE_3
2019-02-28 11:11:18,197 INFO [main] s.d.s.w.r.o.CachingOperationNameGenerator - Generating unique operation named: pageByAccidentReasonUsingGET_1
2019-02-28 11:11:18,202 INFO [main] s.d.s.w.r.o.CachingOperationNameGenerator - Generating unique operation named: pageExcludeByAccidentReasonUsingGET_1
2019-02-28 11:11:18,207 INFO [main] s.d.s.w.r.o.CachingOperationNameGenerator - Generating unique operation named: searchUsingGET_2
2019-02-28 11:11:18,213 INFO [main] s.d.s.w.r.o.CachingOperationNameGenerator - Generating unique operation named: updateUsingPUT_3
2019-02-28 11:11:18,218 INFO [main] s.d.s.w.r.o.CachingOperationNameGenerator - Generating unique operation named: addUsingPOST_4
2019-02-28 11:11:18,221 INFO [main] s.d.s.w.r.o.CachingOperationNameGenerator - Generating unique operation named: deleteUsingDELETE_4
2019-02-28 11:11:18,225 INFO [main] s.d.s.w.r.o.CachingOperationNameGenerator - Generating unique operation named: searchUsingGET_3
2019-02-28 11:11:18,229 INFO [main] s.d.s.w.r.o.CachingOperationNameGenerator - Generating unique operation named: updateUsingPUT_4
2019-02-28 11:11:18,241 INFO [main] s.d.s.w.r.o.CachingOperationNameGenerator - Generating unique operation named: addUsingPOST_5
2019-02-28 11:11:18,246 INFO [main] s.d.s.w.r.o.CachingOperationNameGenerator - Generating unique operation named: deleteUsingDELETE_5
2019-02-28 11:11:18,264 INFO [main] s.d.s.w.r.o.CachingOperationNameGenerator - Generating unique operation named: searchUsingGET_4
2019-02-28 11:11:18,270 INFO [main] s.d.s.w.r.o.CachingOperationNameGenerator - Generating unique operation named: updateUsingPUT_5
2019-02-28 11:11:18,275 INFO [main] s.d.s.w.r.o.CachingOperationNameGenerator - Generating unique operation named: addUsingPOST_6
2019-02-28 11:11:18,279 INFO [main] s.d.s.w.r.o.CachingOperationNameGenerator - Generating unique operation named: deleteUsingDELETE_6
2019-02-28 11:11:18,283 INFO [main] s.d.s.w.r.o.CachingOperationNameGenerator - Generating unique operation named: searchUsingGET_5
2019-02-28 11:11:18,287 INFO [main] s.d.s.w.r.o.CachingOperationNameGenerator - Generating unique operation named: updateUsingPUT_6
2019-02-28 11:11:18,300 INFO [main] s.d.s.w.r.o.CachingOperationNameGenerator - Generating unique operation named: updateUsingPUT_7
2019-02-28 11:11:18,347 INFO [main] s.d.s.w.r.o.CachingOperationNameGenerator - Generating unique operation named: addUsingPOST_7
2019-02-28 11:11:18,435 INFO [main] s.d.s.w.r.o.CachingOperationNameGenerator - Generating unique operation named: findAllUsingGET_1
2019-02-28 11:11:18,600 INFO [main] s.d.s.w.r.o.CachingOperationNameGenerator - Generating unique operation named: setImgUsingGET_1
2019-02-28 11:11:18,604 INFO [main] s.d.s.w.r.o.CachingOperationNameGenerator - Generating unique operation named: setImgUsingHEAD_1
2019-02-28 11:11:18,608 INFO [main] s.d.s.w.r.o.CachingOperationNameGenerator - Generating unique operation named: setImgUsingPOST_1
2019-02-28 11:11:18,612 INFO [main] s.d.s.w.r.o.CachingOperationNameGenerator - Generating unique operation named: setImgUsingPUT_1
2019-02-28 11:11:18,615 INFO [main] s.d.s.w.r.o.CachingOperationNameGenerator - Generating unique operation named: setImgUsingPATCH_1
2019-02-28 11:11:18,618 INFO [main] s.d.s.w.r.o.CachingOperationNameGenerator - Generating unique operation named: setImgUsingDELETE_1
2019-02-28 11:11:18,622 INFO [main] s.d.s.w.r.o.CachingOperationNameGenerator - Generating unique operation named: setImgUsingOPTIONS_1
2019-02-28 11:11:18,626 INFO [main] s.d.s.w.r.o.CachingOperationNameGenerator - Generating unique operation named: setImgUsingTRACE_1
2019-02-28 11:11:18,653 INFO [main] s.d.s.w.r.o.CachingOperationNameGenerator - Generating unique operation named: updateUsingPUT_8
2019-02-28 11:11:18,683 INFO [main] s.d.s.w.r.o.CachingOperationNameGenerator - Generating unique operation named: addUsingGET_1
2019-02-28 11:11:18,686 INFO [main] s.d.s.w.r.o.CachingOperationNameGenerator - Generating unique operation named: addUsingHEAD_1
2019-02-28 11:11:18,689 INFO [main] s.d.s.w.r.o.CachingOperationNameGenerator - Generating unique operation named: addUsingPOST_8
2019-02-28 11:11:18,692 INFO [main] s.d.s.w.r.o.CachingOperationNameGenerator - Generating unique operation named: addUsingPUT_1
2019-02-28 11:11:18,696 INFO [main] s.d.s.w.r.o.CachingOperationNameGenerator - Generating unique operation named: addUsingPATCH_1
2019-02-28 11:11:18,699 INFO [main] s.d.s.w.r.o.CachingOperationNameGenerator - Generating unique operation named: addUsingDELETE_1
2019-02-28 11:11:18,702 INFO [main] s.d.s.w.r.o.CachingOperationNameGenerator - Generating unique operation named: addUsingOPTIONS_1
2019-02-28 11:11:18,705 INFO [main] s.d.s.w.r.o.CachingOperationNameGenerator - Generating unique operation named: addUsingTRACE_1
2019-02-28 11:11:18,717 INFO [main] s.d.s.w.r.o.CachingOperationNameGenerator - Generating unique operation named: deleteUsingDELETE_7
2019-02-28 11:11:18,724 INFO [main] s.d.s.w.r.o.CachingOperationNameGenerator - Generating unique operation named: findAllUsingGET_2
2019-02-28 11:11:18,756 INFO [main] s.d.s.w.r.o.CachingOperationNameGenerator - Generating unique operation named: updateUsingGET_1
2019-02-28 11:11:18,761 INFO [main] s.d.s.w.r.o.CachingOperationNameGenerator - Generating unique operation named: updateUsingHEAD_1
2019-02-28 11:11:18,764 INFO [main] s.d.s.w.r.o.CachingOperationNameGenerator - Generating unique operation named: updateUsingPOST_1
2019-02-28 11:11:18,767 INFO [main] s.d.s.w.r.o.CachingOperationNameGenerator - Generating unique operation named: updateUsingPUT_9
2019-02-28 11:11:18,769 INFO [main] s.d.s.w.r.o.CachingOperationNameGenerator - Generating unique operation named: updateUsingPATCH_1
2019-02-28 11:11:18,772 INFO [main] s.d.s.w.r.o.CachingOperationNameGenerator - Generating unique operation named: updateUsingDELETE_1
2019-02-28 11:11:18,777 INFO [main] s.d.s.w.r.o.CachingOperationNameGenerator - Generating unique operation named: updateUsingOPTIONS_1
2019-02-28 11:11:18,780 INFO [main] s.d.s.w.r.o.CachingOperationNameGenerator - Generating unique operation named: updateUsingTRACE_1
2019-02-28 11:11:18,902 INFO [main] s.d.s.w.r.o.CachingOperationNameGenerator - Generating unique operation named: phoneQrcodeUsingGET_1
2019-02-28 11:11:18,929 INFO [main] s.d.s.w.r.o.CachingOperationNameGenerator - Generating unique operation named: saveAgreementPicUsingPOST_1
2019-02-28 11:11:18,954 INFO [main] s.d.s.w.r.o.CachingOperationNameGenerator - Generating unique operation named: uploadFileUsingPOST_3
2019-02-28 11:11:18,961 INFO [main] s.d.s.w.r.o.CachingOperationNameGenerator - Generating unique operation named: addUsingPOST_9
2019-02-28 11:11:18,964 INFO [main] s.d.s.w.r.o.CachingOperationNameGenerator - Generating unique operation named: deleteUsingDELETE_8
2019-02-28 11:11:18,967 INFO [main] s.d.s.w.r.o.CachingOperationNameGenerator - Generating unique operation named: searchUsingGET_6
2019-02-28 11:11:18,971 INFO [main] s.d.s.w.r.o.CachingOperationNameGenerator - Generating unique operation named: updateUsingPUT_10
2019-02-28 11:11:19,010 INFO [main] o.s.s.a.ScheduledAnnotationBeanPostProcessor - No TaskScheduler/ScheduledExecutorService bean found for scheduled processing
2019-02-28 11:11:19,021 INFO [main] o.a.coyote.http11.Http11NioProtocol - Starting ProtocolHandler ["http-nio-8080"]
2019-02-28 11:11:19,034 INFO [main] o.a.tomcat.util.net.NioSelectorPool - Using a shared selector for servlet write/read
2019-02-28 11:11:19,054 INFO [main] o.s.b.w.e.tomcat.TomcatWebServer - Tomcat started on port(s): 8080 (http) with context path ''
2019-02-28 11:11:19,060 INFO [main] com.ctf.traffic.AppController - Started AppController in 20.281 seconds (JVM running for 22.1)
2019-02-28 11:11:19,183 INFO [main] c.c.t.s.impl.AccidentServiceImpl -  AccidentServiceImpl.initSeqNumber : [SysConf(code=ACCIDENT_SEQ_NUMBER, name=, value=1, remark=null)]
2019-02-28 11:11:19,685 INFO [RMI TCP Connection(10)-127.0.0.1] o.a.c.c.C.[Tomcat].[localhost].[/] - Initializing Spring FrameworkServlet 'dispatcherServlet'
2019-02-28 11:11:19,685 INFO [RMI TCP Connection(10)-127.0.0.1] o.s.web.servlet.DispatcherServlet - FrameworkServlet 'dispatcherServlet': initialization started
2019-02-28 11:11:19,726 INFO [RMI TCP Connection(10)-127.0.0.1] o.s.web.servlet.DispatcherServlet - FrameworkServlet 'dispatcherServlet': initialization completed in 41 ms
2019-02-28 13:04:45,192 WARN [HikariPool-1 housekeeper] com.zaxxer.hikari.pool.HikariPool - HikariPool-1 - Thread starvation or clock leap detected (housekeeper delta=17m37s314ms64s74ns).
